2026-02-06 17:37:35.370: [INFO][Sync] Reset engine, reason: 8
2026-02-06 17:37:35.370: [INFO][Sync] Stopped: Bookmarks
2026-02-06 17:37:35.370: [INFO][Sync] Stopped: Preferences
2026-02-06 17:37:35.370: [INFO][Sync] Stopped: Passwords
2026-02-06 17:37:35.370: [INFO][Sync] Stopped: Autofill Profiles
2026-02-06 17:37:35.370: [INFO][Sync] Stopped: Autofill
2026-02-06 17:37:35.370: [INFO][Sync] Stopped: Extensions
2026-02-06 17:37:35.370: [INFO][Sync] Stopped: Sessions
2026-02-06 17:37:35.370: [INFO][Sync] Stopped: Extension settings
2026-02-06 17:37:35.370: [INFO][Sync] Stopped: History Delete Directives
2026-02-06 17:37:35.370: [INFO][Sync] Stopped: Device Info
2026-02-06 17:37:35.370: [INFO][Sync] Stopped: User Consents
2026-02-06 17:37:35.370: [INFO][Sync] Stopped: Send Tab To Self
2026-02-06 17:37:35.370: [INFO][Sync] Stopped: Web Apps
2026-02-06 17:37:35.370: [INFO][Sync] Stopped: History
2026-02-06 17:37:35.370: [INFO][Sync] Stopped: Saved Tab Group
2026-02-06 17:37:35.370: [INFO][Sync] Stopped: WebAuthn Credentials
2026-02-06 17:37:35.370: [INFO][Sync] Stopped: Collection
2026-02-06 17:37:35.370: [INFO][Sync] Stopped: Edge E Drop
2026-02-06 17:37:35.370: [INFO][Sync] Stopped: Edge Hub App Usage
2026-02-06 17:37:35.370: [INFO][Sync] Stopped: Edge Wallet
2026-02-06 17:37:35.371: [INFO][Sync] SyncState after authenticated was: NotSignedIn
2026-02-06 17:37:35.737: [INFO][Sync] Reset engine, reason: 8
2026-02-06 17:37:35.737: [INFO][Sync] Stopped: Bookmarks
2026-02-06 17:37:35.737: [INFO][Sync] Stopped: Preferences
2026-02-06 17:37:35.737: [INFO][Sync] Stopped: Passwords
2026-02-06 17:37:35.737: [INFO][Sync] Stopped: Autofill Profiles
2026-02-06 17:37:35.737: [INFO][Sync] Stopped: Autofill
2026-02-06 17:37:35.737: [INFO][Sync] Stopped: Extensions
2026-02-06 17:37:35.737: [INFO][Sync] Stopped: Sessions
2026-02-06 17:37:35.737: [INFO][Sync] Stopped: Extension settings
2026-02-06 17:37:35.737: [INFO][Sync] Stopped: History Delete Directives
2026-02-06 17:37:35.738: [INFO][Sync] Stopped: Device Info
2026-02-06 17:37:35.738: [INFO][Sync] Stopped: User Consents
2026-02-06 17:37:35.738: [INFO][Sync] Stopped: Send Tab To Self
2026-02-06 17:37:35.738: [INFO][Sync] Stopped: Web Apps
2026-02-06 17:37:35.738: [INFO][Sync] Stopped: History
2026-02-06 17:37:35.738: [INFO][Sync] Stopped: Saved Tab Group
2026-02-06 17:37:35.738: [INFO][Sync] Stopped: WebAuthn Credentials
2026-02-06 17:37:35.738: [INFO][Sync] Stopped: Collection
2026-02-06 17:37:35.738: [INFO][Sync] Stopped: Edge E Drop
2026-02-06 17:37:35.738: [INFO][Sync] Stopped: Edge Hub App Usage
2026-02-06 17:37:35.738: [INFO][Sync] Stopped: Edge Wallet
2026-02-06 17:38:11.131: [INFO][Sync] Reset engine, reason: 0
2026-02-07 20:02:13.677: [INFO][Sync] Reset engine, reason: 8
2026-02-07 20:02:13.677: [INFO][Sync] Stopped: Bookmarks
2026-02-07 20:02:13.677: [INFO][Sync] Stopped: Preferences
2026-02-07 20:02:13.678: [INFO][Sync] Stopped: Passwords
2026-02-07 20:02:13.678: [INFO][Sync] Stopped: Autofill Profiles
2026-02-07 20:02:13.678: [INFO][Sync] Stopped: Autofill
2026-02-07 20:02:13.678: [INFO][Sync] Stopped: Extensions
2026-02-07 20:02:13.678: [INFO][Sync] Stopped: Sessions
2026-02-07 20:02:13.678: [INFO][Sync] Stopped: Extension settings
2026-02-07 20:02:13.678: [INFO][Sync] Stopped: History Delete Directives
2026-02-07 20:02:13.678: [INFO][Sync] Stopped: Device Info
2026-02-07 20:02:13.678: [INFO][Sync] Stopped: User Consents
2026-02-07 20:02:13.678: [INFO][Sync] Stopped: Send Tab To Self
2026-02-07 20:02:13.678: [INFO][Sync] Stopped: Web Apps
2026-02-07 20:02:13.678: [INFO][Sync] Stopped: History
2026-02-07 20:02:13.678: [INFO][Sync] Stopped: Saved Tab Group
2026-02-07 20:02:13.678: [INFO][Sync] Stopped: WebAuthn Credentials
2026-02-07 20:02:13.678: [INFO][Sync] Stopped: Collection
2026-02-07 20:02:13.678: [INFO][Sync] Stopped: Edge E Drop
2026-02-07 20:02:13.678: [INFO][Sync] Stopped: Edge Hub App Usage
2026-02-07 20:02:13.678: [INFO][Sync] Stopped: Edge Wallet
2026-02-07 20:02:13.679: [INFO][Sync] SyncState after authenticated was: NotSignedIn
2026-02-07 20:02:14.330: [INFO][Sync] Reset engine, reason: 8
2026-02-07 20:02:14.330: [INFO][Sync] Stopped: Bookmarks
2026-02-07 20:02:14.330: [INFO][Sync] Stopped: Preferences
2026-02-07 20:02:14.330: [INFO][Sync] Stopped: Passwords
2026-02-07 20:02:14.330: [INFO][Sync] Stopped: Autofill Profiles
2026-02-07 20:02:14.330: [INFO][Sync] Stopped: Autofill
2026-02-07 20:02:14.330: [INFO][Sync] Stopped: Extensions
2026-02-07 20:02:14.330: [INFO][Sync] Stopped: Sessions
2026-02-07 20:02:14.330: [INFO][Sync] Stopped: Extension settings
2026-02-07 20:02:14.330: [INFO][Sync] Stopped: History Delete Directives
2026-02-07 20:02:14.330: [INFO][Sync] Stopped: Device Info
2026-02-07 20:02:14.330: [INFO][Sync] Stopped: User Consents
2026-02-07 20:02:14.330: [INFO][Sync] Stopped: Send Tab To Self
2026-02-07 20:02:14.330: [INFO][Sync] Stopped: Web Apps
2026-02-07 20:02:14.330: [INFO][Sync] Stopped: History
2026-02-07 20:02:14.330: [INFO][Sync] Stopped: Saved Tab Group
2026-02-07 20:02:14.330: [INFO][Sync] Stopped: WebAuthn Credentials
2026-02-07 20:02:14.330: [INFO][Sync] Stopped: Collection
2026-02-07 20:02:14.330: [INFO][Sync] Stopped: Edge E Drop
2026-02-07 20:02:14.330: [INFO][Sync] Stopped: Edge Hub App Usage
2026-02-07 20:02:14.330: [INFO][Sync] Stopped: Edge Wallet
2026-02-07 20:03:44.511: [INFO][Sync] Reset engine, reason: 0
