2025-10-27 08:37:54.069: [INFO][Sync] Reset engine, reason: 8
2025-10-27 08:37:54.069: [INFO][Sync] Stopped: Bookmarks
2025-10-27 08:37:54.069: [INFO][Sync] Stopped: Preferences
2025-10-27 08:37:54.069: [INFO][Sync] Stopped: Passwords
2025-10-27 08:37:54.069: [INFO][Sync] Stopped: Autofill Profiles
2025-10-27 08:37:54.069: [INFO][Sync] Stopped: Autofill
2025-10-27 08:37:54.069: [INFO][Sync] Stopped: Extensions
2025-10-27 08:37:54.069: [INFO][Sync] Stopped: Sessions
2025-10-27 08:37:54.069: [INFO][Sync] Stopped: Extension settings
2025-10-27 08:37:54.069: [INFO][Sync] Stopped: History Delete Directives
2025-10-27 08:37:54.069: [INFO][Sync] Stopped: Device Info
2025-10-27 08:37:54.069: [INFO][Sync] Stopped: User Consents
2025-10-27 08:37:54.069: [INFO][Sync] Stopped: Send Tab To Self
2025-10-27 08:37:54.069: [INFO][Sync] Stopped: Web Apps
2025-10-27 08:37:54.069: [INFO][Sync] Stopped: History
2025-10-27 08:37:54.069: [INFO][Sync] Stopped: Saved Tab Group
2025-10-27 08:37:54.069: [INFO][Sync] Stopped: WebAuthn Credentials
2025-10-27 08:37:54.069: [INFO][Sync] Stopped: Collection
2025-10-27 08:37:54.069: [INFO][Sync] Stopped: Edge E Drop
2025-10-27 08:37:54.069: [INFO][Sync] Stopped: Edge Hub App Usage
2025-10-27 08:37:54.069: [INFO][Sync] Stopped: Edge Wallet
2025-10-27 08:37:54.070: [INFO][Sync] SyncState after authenticated was: NotSignedIn
2025-10-27 08:37:54.527: [INFO][Sync] Reset engine, reason: 8
2025-10-27 08:37:54.527: [INFO][Sync] Stopped: Bookmarks
2025-10-27 08:37:54.527: [INFO][Sync] Stopped: Preferences
2025-10-27 08:37:54.527: [INFO][Sync] Stopped: Passwords
2025-10-27 08:37:54.527: [INFO][Sync] Stopped: Autofill Profiles
2025-10-27 08:37:54.527: [INFO][Sync] Stopped: Autofill
2025-10-27 08:37:54.527: [INFO][Sync] Stopped: Extensions
2025-10-27 08:37:54.527: [INFO][Sync] Stopped: Sessions
2025-10-27 08:37:54.527: [INFO][Sync] Stopped: Extension settings
2025-10-27 08:37:54.527: [INFO][Sync] Stopped: History Delete Directives
2025-10-27 08:37:54.527: [INFO][Sync] Stopped: Device Info
2025-10-27 08:37:54.527: [INFO][Sync] Stopped: User Consents
2025-10-27 08:37:54.527: [INFO][Sync] Stopped: Send Tab To Self
2025-10-27 08:37:54.527: [INFO][Sync] Stopped: Web Apps
2025-10-27 08:37:54.527: [INFO][Sync] Stopped: History
2025-10-27 08:37:54.527: [INFO][Sync] Stopped: Saved Tab Group
2025-10-27 08:37:54.527: [INFO][Sync] Stopped: WebAuthn Credentials
2025-10-27 08:37:54.527: [INFO][Sync] Stopped: Collection
2025-10-27 08:37:54.527: [INFO][Sync] Stopped: Edge E Drop
2025-10-27 08:37:54.527: [INFO][Sync] Stopped: Edge Hub App Usage
2025-10-27 08:37:54.527: [INFO][Sync] Stopped: Edge Wallet
2025-10-27 08:38:38.853: [INFO][Sync] Reset engine, reason: 0
2025-10-27 08:38:59.590: [INFO][Sync] Reset engine, reason: 8
2025-10-27 08:38:59.590: [INFO][Sync] Stopped: Bookmarks
2025-10-27 08:38:59.590: [INFO][Sync] Stopped: Preferences
2025-10-27 08:38:59.590: [INFO][Sync] Stopped: Passwords
2025-10-27 08:38:59.590: [INFO][Sync] Stopped: Autofill Profiles
2025-10-27 08:38:59.590: [INFO][Sync] Stopped: Autofill
2025-10-27 08:38:59.590: [INFO][Sync] Stopped: Extensions
2025-10-27 08:38:59.590: [INFO][Sync] Stopped: Sessions
2025-10-27 08:38:59.590: [INFO][Sync] Stopped: Extension settings
2025-10-27 08:38:59.590: [INFO][Sync] Stopped: History Delete Directives
2025-10-27 08:38:59.590: [INFO][Sync] Stopped: Device Info
2025-10-27 08:38:59.590: [INFO][Sync] Stopped: User Consents
2025-10-27 08:38:59.590: [INFO][Sync] Stopped: Send Tab To Self
2025-10-27 08:38:59.590: [INFO][Sync] Stopped: Web Apps
2025-10-27 08:38:59.590: [INFO][Sync] Stopped: History
2025-10-27 08:38:59.590: [INFO][Sync] Stopped: Saved Tab Group
2025-10-27 08:38:59.590: [INFO][Sync] Stopped: WebAuthn Credentials
2025-10-27 08:38:59.590: [INFO][Sync] Stopped: Collection
2025-10-27 08:38:59.590: [INFO][Sync] Stopped: Edge E Drop
2025-10-27 08:38:59.590: [INFO][Sync] Stopped: Edge Hub App Usage
2025-10-27 08:38:59.590: [INFO][Sync] Stopped: Edge Wallet
2025-10-27 08:38:59.590: [INFO][Sync] SyncState after authenticated was: NotSignedIn
2025-10-27 08:39:00.021: [INFO][Sync] Reset engine, reason: 8
2025-10-27 08:39:00.021: [INFO][Sync] Stopped: Bookmarks
2025-10-27 08:39:00.021: [INFO][Sync] Stopped: Preferences
2025-10-27 08:39:00.021: [INFO][Sync] Stopped: Passwords
2025-10-27 08:39:00.021: [INFO][Sync] Stopped: Autofill Profiles
2025-10-27 08:39:00.021: [INFO][Sync] Stopped: Autofill
2025-10-27 08:39:00.021: [INFO][Sync] Stopped: Extensions
2025-10-27 08:39:00.021: [INFO][Sync] Stopped: Sessions
2025-10-27 08:39:00.021: [INFO][Sync] Stopped: Extension settings
2025-10-27 08:39:00.021: [INFO][Sync] Stopped: History Delete Directives
2025-10-27 08:39:00.021: [INFO][Sync] Stopped: Device Info
2025-10-27 08:39:00.021: [INFO][Sync] Stopped: User Consents
2025-10-27 08:39:00.021: [INFO][Sync] Stopped: Send Tab To Self
2025-10-27 08:39:00.021: [INFO][Sync] Stopped: Web Apps
2025-10-27 08:39:00.021: [INFO][Sync] Stopped: History
2025-10-27 08:39:00.021: [INFO][Sync] Stopped: Saved Tab Group
2025-10-27 08:39:00.021: [INFO][Sync] Stopped: WebAuthn Credentials
2025-10-27 08:39:00.021: [INFO][Sync] Stopped: Collection
2025-10-27 08:39:00.021: [INFO][Sync] Stopped: Edge E Drop
2025-10-27 08:39:00.021: [INFO][Sync] Stopped: Edge Hub App Usage
2025-10-27 08:39:00.021: [INFO][Sync] Stopped: Edge Wallet
2025-10-27 08:39:25.332: [INFO][Sync] Reset engine, reason: 0
2025-10-27 08:44:51.072: [INFO][Sync] Reset engine, reason: 8
2025-10-27 08:44:51.072: [INFO][Sync] Stopped: Bookmarks
2025-10-27 08:44:51.072: [INFO][Sync] Stopped: Preferences
2025-10-27 08:44:51.072: [INFO][Sync] Stopped: Passwords
2025-10-27 08:44:51.072: [INFO][Sync] Stopped: Autofill Profiles
2025-10-27 08:44:51.072: [INFO][Sync] Stopped: Autofill
2025-10-27 08:44:51.072: [INFO][Sync] Stopped: Extensions
2025-10-27 08:44:51.072: [INFO][Sync] Stopped: Sessions
2025-10-27 08:44:51.072: [INFO][Sync] Stopped: Extension settings
2025-10-27 08:44:51.072: [INFO][Sync] Stopped: History Delete Directives
2025-10-27 08:44:51.072: [INFO][Sync] Stopped: Device Info
2025-10-27 08:44:51.072: [INFO][Sync] Stopped: User Consents
2025-10-27 08:44:51.072: [INFO][Sync] Stopped: Send Tab To Self
2025-10-27 08:44:51.072: [INFO][Sync] Stopped: Web Apps
2025-10-27 08:44:51.072: [INFO][Sync] Stopped: History
2025-10-27 08:44:51.072: [INFO][Sync] Stopped: Saved Tab Group
2025-10-27 08:44:51.072: [INFO][Sync] Stopped: WebAuthn Credentials
2025-10-27 08:44:51.072: [INFO][Sync] Stopped: Collection
2025-10-27 08:44:51.072: [INFO][Sync] Stopped: Edge E Drop
2025-10-27 08:44:51.072: [INFO][Sync] Stopped: Edge Hub App Usage
2025-10-27 08:44:51.072: [INFO][Sync] Stopped: Edge Wallet
2025-10-27 08:44:51.072: [INFO][Sync] SyncState after authenticated was: NotSignedIn
2025-10-27 08:44:51.571: [INFO][Sync] Reset engine, reason: 8
2025-10-27 08:44:51.571: [INFO][Sync] Stopped: Bookmarks
2025-10-27 08:44:51.571: [INFO][Sync] Stopped: Preferences
2025-10-27 08:44:51.571: [INFO][Sync] Stopped: Passwords
2025-10-27 08:44:51.571: [INFO][Sync] Stopped: Autofill Profiles
2025-10-27 08:44:51.571: [INFO][Sync] Stopped: Autofill
2025-10-27 08:44:51.571: [INFO][Sync] Stopped: Extensions
2025-10-27 08:44:51.571: [INFO][Sync] Stopped: Sessions
2025-10-27 08:44:51.571: [INFO][Sync] Stopped: Extension settings
2025-10-27 08:44:51.571: [INFO][Sync] Stopped: History Delete Directives
2025-10-27 08:44:51.571: [INFO][Sync] Stopped: Device Info
2025-10-27 08:44:51.571: [INFO][Sync] Stopped: User Consents
2025-10-27 08:44:51.571: [INFO][Sync] Stopped: Send Tab To Self
2025-10-27 08:44:51.571: [INFO][Sync] Stopped: Web Apps
2025-10-27 08:44:51.571: [INFO][Sync] Stopped: History
2025-10-27 08:44:51.571: [INFO][Sync] Stopped: Saved Tab Group
2025-10-27 08:44:51.571: [INFO][Sync] Stopped: WebAuthn Credentials
2025-10-27 08:44:51.571: [INFO][Sync] Stopped: Collection
2025-10-27 08:44:51.571: [INFO][Sync] Stopped: Edge E Drop
2025-10-27 08:44:51.571: [INFO][Sync] Stopped: Edge Hub App Usage
2025-10-27 08:44:51.571: [INFO][Sync] Stopped: Edge Wallet
2025-10-27 08:45:15.427: [INFO][Sync] Reset engine, reason: 0
2025-10-27 08:49:34.966: [INFO][Sync] Reset engine, reason: 8
2025-10-27 08:49:34.966: [INFO][Sync] Stopped: Bookmarks
2025-10-27 08:49:34.966: [INFO][Sync] Stopped: Preferences
2025-10-27 08:49:34.966: [INFO][Sync] Stopped: Passwords
2025-10-27 08:49:34.966: [INFO][Sync] Stopped: Autofill Profiles
2025-10-27 08:49:34.966: [INFO][Sync] Stopped: Autofill
2025-10-27 08:49:34.966: [INFO][Sync] Stopped: Extensions
2025-10-27 08:49:34.966: [INFO][Sync] Stopped: Sessions
2025-10-27 08:49:34.966: [INFO][Sync] Stopped: Extension settings
2025-10-27 08:49:34.966: [INFO][Sync] Stopped: History Delete Directives
2025-10-27 08:49:34.966: [INFO][Sync] Stopped: Device Info
2025-10-27 08:49:34.966: [INFO][Sync] Stopped: User Consents
2025-10-27 08:49:34.966: [INFO][Sync] Stopped: Send Tab To Self
2025-10-27 08:49:34.966: [INFO][Sync] Stopped: Web Apps
2025-10-27 08:49:34.966: [INFO][Sync] Stopped: History
2025-10-27 08:49:34.966: [INFO][Sync] Stopped: Saved Tab Group
2025-10-27 08:49:34.966: [INFO][Sync] Stopped: WebAuthn Credentials
2025-10-27 08:49:34.966: [INFO][Sync] Stopped: Collection
2025-10-27 08:49:34.966: [INFO][Sync] Stopped: Edge E Drop
2025-10-27 08:49:34.966: [INFO][Sync] Stopped: Edge Hub App Usage
2025-10-27 08:49:34.966: [INFO][Sync] Stopped: Edge Wallet
2025-10-27 08:49:34.967: [INFO][Sync] SyncState after authenticated was: NotSignedIn
2025-10-27 08:49:35.604: [INFO][Sync] Reset engine, reason: 8
2025-10-27 08:49:35.604: [INFO][Sync] Stopped: Bookmarks
2025-10-27 08:49:35.604: [INFO][Sync] Stopped: Preferences
2025-10-27 08:49:35.604: [INFO][Sync] Stopped: Passwords
2025-10-27 08:49:35.604: [INFO][Sync] Stopped: Autofill Profiles
2025-10-27 08:49:35.604: [INFO][Sync] Stopped: Autofill
2025-10-27 08:49:35.604: [INFO][Sync] Stopped: Extensions
2025-10-27 08:49:35.604: [INFO][Sync] Stopped: Sessions
2025-10-27 08:49:35.604: [INFO][Sync] Stopped: Extension settings
2025-10-27 08:49:35.604: [INFO][Sync] Stopped: History Delete Directives
2025-10-27 08:49:35.604: [INFO][Sync] Stopped: Device Info
2025-10-27 08:49:35.604: [INFO][Sync] Stopped: User Consents
2025-10-27 08:49:35.604: [INFO][Sync] Stopped: Send Tab To Self
2025-10-27 08:49:35.604: [INFO][Sync] Stopped: Web Apps
2025-10-27 08:49:35.604: [INFO][Sync] Stopped: History
2025-10-27 08:49:35.604: [INFO][Sync] Stopped: Saved Tab Group
2025-10-27 08:49:35.604: [INFO][Sync] Stopped: WebAuthn Credentials
2025-10-27 08:49:35.604: [INFO][Sync] Stopped: Collection
2025-10-27 08:49:35.604: [INFO][Sync] Stopped: Edge E Drop
2025-10-27 08:49:35.604: [INFO][Sync] Stopped: Edge Hub App Usage
2025-10-27 08:49:35.604: [INFO][Sync] Stopped: Edge Wallet
2025-10-27 08:50:11.182: [INFO][Sync] Reset engine, reason: 0
2025-10-27 08:50:55.628: [INFO][Sync] Reset engine, reason: 8
2025-10-27 08:50:55.628: [INFO][Sync] Stopped: Bookmarks
2025-10-27 08:50:55.628: [INFO][Sync] Stopped: Preferences
2025-10-27 08:50:55.628: [INFO][Sync] Stopped: Passwords
2025-10-27 08:50:55.628: [INFO][Sync] Stopped: Autofill Profiles
2025-10-27 08:50:55.628: [INFO][Sync] Stopped: Autofill
2025-10-27 08:50:55.628: [INFO][Sync] Stopped: Extensions
2025-10-27 08:50:55.628: [INFO][Sync] Stopped: Sessions
2025-10-27 08:50:55.628: [INFO][Sync] Stopped: Extension settings
2025-10-27 08:50:55.628: [INFO][Sync] Stopped: History Delete Directives
2025-10-27 08:50:55.628: [INFO][Sync] Stopped: Device Info
2025-10-27 08:50:55.628: [INFO][Sync] Stopped: User Consents
2025-10-27 08:50:55.628: [INFO][Sync] Stopped: Send Tab To Self
2025-10-27 08:50:55.628: [INFO][Sync] Stopped: Web Apps
2025-10-27 08:50:55.628: [INFO][Sync] Stopped: History
2025-10-27 08:50:55.628: [INFO][Sync] Stopped: Saved Tab Group
2025-10-27 08:50:55.628: [INFO][Sync] Stopped: WebAuthn Credentials
2025-10-27 08:50:55.628: [INFO][Sync] Stopped: Collection
2025-10-27 08:50:55.628: [INFO][Sync] Stopped: Edge E Drop
2025-10-27 08:50:55.628: [INFO][Sync] Stopped: Edge Hub App Usage
2025-10-27 08:50:55.628: [INFO][Sync] Stopped: Edge Wallet
2025-10-27 08:50:55.628: [INFO][Sync] SyncState after authenticated was: NotSignedIn
2025-10-27 08:50:56.056: [INFO][Sync] Reset engine, reason: 8
2025-10-27 08:50:56.056: [INFO][Sync] Stopped: Bookmarks
2025-10-27 08:50:56.056: [INFO][Sync] Stopped: Preferences
2025-10-27 08:50:56.056: [INFO][Sync] Stopped: Passwords
2025-10-27 08:50:56.056: [INFO][Sync] Stopped: Autofill Profiles
2025-10-27 08:50:56.056: [INFO][Sync] Stopped: Autofill
2025-10-27 08:50:56.056: [INFO][Sync] Stopped: Extensions
2025-10-27 08:50:56.056: [INFO][Sync] Stopped: Sessions
2025-10-27 08:50:56.056: [INFO][Sync] Stopped: Extension settings
2025-10-27 08:50:56.056: [INFO][Sync] Stopped: History Delete Directives
2025-10-27 08:50:56.056: [INFO][Sync] Stopped: Device Info
2025-10-27 08:50:56.056: [INFO][Sync] Stopped: User Consents
2025-10-27 08:50:56.056: [INFO][Sync] Stopped: Send Tab To Self
2025-10-27 08:50:56.056: [INFO][Sync] Stopped: Web Apps
2025-10-27 08:50:56.056: [INFO][Sync] Stopped: History
2025-10-27 08:50:56.056: [INFO][Sync] Stopped: Saved Tab Group
2025-10-27 08:50:56.056: [INFO][Sync] Stopped: WebAuthn Credentials
2025-10-27 08:50:56.056: [INFO][Sync] Stopped: Collection
2025-10-27 08:50:56.056: [INFO][Sync] Stopped: Edge E Drop
2025-10-27 08:50:56.056: [INFO][Sync] Stopped: Edge Hub App Usage
2025-10-27 08:50:56.056: [INFO][Sync] Stopped: Edge Wallet
2025-10-27 08:51:22.964: [INFO][Sync] Reset engine, reason: 0
2025-10-27 08:51:48.267: [INFO][Sync] Reset engine, reason: 8
2025-10-27 08:51:48.267: [INFO][Sync] Stopped: Bookmarks
2025-10-27 08:51:48.267: [INFO][Sync] Stopped: Preferences
2025-10-27 08:51:48.267: [INFO][Sync] Stopped: Passwords
2025-10-27 08:51:48.267: [INFO][Sync] Stopped: Autofill Profiles
2025-10-27 08:51:48.267: [INFO][Sync] Stopped: Autofill
2025-10-27 08:51:48.267: [INFO][Sync] Stopped: Extensions
2025-10-27 08:51:48.267: [INFO][Sync] Stopped: Sessions
2025-10-27 08:51:48.267: [INFO][Sync] Stopped: Extension settings
2025-10-27 08:51:48.267: [INFO][Sync] Stopped: History Delete Directives
2025-10-27 08:51:48.267: [INFO][Sync] Stopped: Device Info
2025-10-27 08:51:48.267: [INFO][Sync] Stopped: User Consents
2025-10-27 08:51:48.267: [INFO][Sync] Stopped: Send Tab To Self
2025-10-27 08:51:48.267: [INFO][Sync] Stopped: Web Apps
2025-10-27 08:51:48.267: [INFO][Sync] Stopped: History
2025-10-27 08:51:48.267: [INFO][Sync] Stopped: Saved Tab Group
2025-10-27 08:51:48.267: [INFO][Sync] Stopped: WebAuthn Credentials
2025-10-27 08:51:48.267: [INFO][Sync] Stopped: Collection
2025-10-27 08:51:48.267: [INFO][Sync] Stopped: Edge E Drop
2025-10-27 08:51:48.267: [INFO][Sync] Stopped: Edge Hub App Usage
2025-10-27 08:51:48.267: [INFO][Sync] Stopped: Edge Wallet
2025-10-27 08:51:48.267: [INFO][Sync] SyncState after authenticated was: NotSignedIn
2025-10-27 08:51:48.888: [INFO][Sync] Reset engine, reason: 8
2025-10-27 08:51:48.888: [INFO][Sync] Stopped: Bookmarks
2025-10-27 08:51:48.888: [INFO][Sync] Stopped: Preferences
2025-10-27 08:51:48.888: [INFO][Sync] Stopped: Passwords
2025-10-27 08:51:48.888: [INFO][Sync] Stopped: Autofill Profiles
2025-10-27 08:51:48.888: [INFO][Sync] Stopped: Autofill
2025-10-27 08:51:48.888: [INFO][Sync] Stopped: Extensions
2025-10-27 08:51:48.888: [INFO][Sync] Stopped: Sessions
2025-10-27 08:51:48.888: [INFO][Sync] Stopped: Extension settings
2025-10-27 08:51:48.888: [INFO][Sync] Stopped: History Delete Directives
2025-10-27 08:51:48.888: [INFO][Sync] Stopped: Device Info
2025-10-27 08:51:48.888: [INFO][Sync] Stopped: User Consents
2025-10-27 08:51:48.888: [INFO][Sync] Stopped: Send Tab To Self
2025-10-27 08:51:48.888: [INFO][Sync] Stopped: Web Apps
2025-10-27 08:51:48.888: [INFO][Sync] Stopped: History
2025-10-27 08:51:48.888: [INFO][Sync] Stopped: Saved Tab Group
2025-10-27 08:51:48.888: [INFO][Sync] Stopped: WebAuthn Credentials
2025-10-27 08:51:48.888: [INFO][Sync] Stopped: Collection
2025-10-27 08:51:48.888: [INFO][Sync] Stopped: Edge E Drop
2025-10-27 08:51:48.888: [INFO][Sync] Stopped: Edge Hub App Usage
2025-10-27 08:51:48.888: [INFO][Sync] Stopped: Edge Wallet
2025-10-27 08:52:12.103: [INFO][Sync] Reset engine, reason: 0
2025-10-27 08:53:12.204: [INFO][Sync] Reset engine, reason: 8
2025-10-27 08:53:12.205: [INFO][Sync] Stopped: Bookmarks
2025-10-27 08:53:12.205: [INFO][Sync] Stopped: Preferences
2025-10-27 08:53:12.205: [INFO][Sync] Stopped: Passwords
2025-10-27 08:53:12.205: [INFO][Sync] Stopped: Autofill Profiles
2025-10-27 08:53:12.205: [INFO][Sync] Stopped: Autofill
2025-10-27 08:53:12.205: [INFO][Sync] Stopped: Extensions
2025-10-27 08:53:12.205: [INFO][Sync] Stopped: Sessions
2025-10-27 08:53:12.205: [INFO][Sync] Stopped: Extension settings
2025-10-27 08:53:12.205: [INFO][Sync] Stopped: History Delete Directives
2025-10-27 08:53:12.205: [INFO][Sync] Stopped: Device Info
2025-10-27 08:53:12.205: [INFO][Sync] Stopped: User Consents
2025-10-27 08:53:12.205: [INFO][Sync] Stopped: Send Tab To Self
2025-10-27 08:53:12.205: [INFO][Sync] Stopped: Web Apps
2025-10-27 08:53:12.205: [INFO][Sync] Stopped: History
2025-10-27 08:53:12.205: [INFO][Sync] Stopped: Saved Tab Group
2025-10-27 08:53:12.205: [INFO][Sync] Stopped: WebAuthn Credentials
2025-10-27 08:53:12.205: [INFO][Sync] Stopped: Collection
2025-10-27 08:53:12.205: [INFO][Sync] Stopped: Edge E Drop
2025-10-27 08:53:12.205: [INFO][Sync] Stopped: Edge Hub App Usage
2025-10-27 08:53:12.205: [INFO][Sync] Stopped: Edge Wallet
2025-10-27 08:53:12.205: [INFO][Sync] SyncState after authenticated was: NotSignedIn
2025-10-27 08:53:12.657: [INFO][Sync] Reset engine, reason: 8
2025-10-27 08:53:12.657: [INFO][Sync] Stopped: Bookmarks
2025-10-27 08:53:12.657: [INFO][Sync] Stopped: Preferences
2025-10-27 08:53:12.658: [INFO][Sync] Stopped: Passwords
2025-10-27 08:53:12.658: [INFO][Sync] Stopped: Autofill Profiles
2025-10-27 08:53:12.658: [INFO][Sync] Stopped: Autofill
2025-10-27 08:53:12.658: [INFO][Sync] Stopped: Extensions
2025-10-27 08:53:12.658: [INFO][Sync] Stopped: Sessions
2025-10-27 08:53:12.658: [INFO][Sync] Stopped: Extension settings
2025-10-27 08:53:12.658: [INFO][Sync] Stopped: History Delete Directives
2025-10-27 08:53:12.658: [INFO][Sync] Stopped: Device Info
2025-10-27 08:53:12.658: [INFO][Sync] Stopped: User Consents
2025-10-27 08:53:12.658: [INFO][Sync] Stopped: Send Tab To Self
2025-10-27 08:53:12.658: [INFO][Sync] Stopped: Web Apps
2025-10-27 08:53:12.658: [INFO][Sync] Stopped: History
2025-10-27 08:53:12.658: [INFO][Sync] Stopped: Saved Tab Group
2025-10-27 08:53:12.658: [INFO][Sync] Stopped: WebAuthn Credentials
2025-10-27 08:53:12.658: [INFO][Sync] Stopped: Collection
2025-10-27 08:53:12.658: [INFO][Sync] Stopped: Edge E Drop
2025-10-27 08:53:12.658: [INFO][Sync] Stopped: Edge Hub App Usage
2025-10-27 08:53:12.658: [INFO][Sync] Stopped: Edge Wallet
2025-10-27 08:53:50.711: [INFO][Sync] Reset engine, reason: 0
2025-10-27 08:55:11.069: [INFO][Sync] Reset engine, reason: 8
2025-10-27 08:55:11.069: [INFO][Sync] Stopped: Bookmarks
2025-10-27 08:55:11.069: [INFO][Sync] Stopped: Preferences
2025-10-27 08:55:11.069: [INFO][Sync] Stopped: Passwords
2025-10-27 08:55:11.069: [INFO][Sync] Stopped: Autofill Profiles
2025-10-27 08:55:11.069: [INFO][Sync] Stopped: Autofill
2025-10-27 08:55:11.069: [INFO][Sync] Stopped: Extensions
2025-10-27 08:55:11.069: [INFO][Sync] Stopped: Sessions
2025-10-27 08:55:11.069: [INFO][Sync] Stopped: Extension settings
2025-10-27 08:55:11.069: [INFO][Sync] Stopped: History Delete Directives
2025-10-27 08:55:11.069: [INFO][Sync] Stopped: Device Info
2025-10-27 08:55:11.069: [INFO][Sync] Stopped: User Consents
2025-10-27 08:55:11.069: [INFO][Sync] Stopped: Send Tab To Self
2025-10-27 08:55:11.069: [INFO][Sync] Stopped: Web Apps
2025-10-27 08:55:11.069: [INFO][Sync] Stopped: History
2025-10-27 08:55:11.069: [INFO][Sync] Stopped: Saved Tab Group
2025-10-27 08:55:11.069: [INFO][Sync] Stopped: WebAuthn Credentials
2025-10-27 08:55:11.069: [INFO][Sync] Stopped: Collection
2025-10-27 08:55:11.069: [INFO][Sync] Stopped: Edge E Drop
2025-10-27 08:55:11.069: [INFO][Sync] Stopped: Edge Hub App Usage
2025-10-27 08:55:11.069: [INFO][Sync] Stopped: Edge Wallet
2025-10-27 08:55:11.069: [INFO][Sync] SyncState after authenticated was: NotSignedIn
2025-10-27 08:55:11.435: [INFO][Sync] Reset engine, reason: 8
2025-10-27 08:55:11.435: [INFO][Sync] Stopped: Bookmarks
2025-10-27 08:55:11.435: [INFO][Sync] Stopped: Preferences
2025-10-27 08:55:11.435: [INFO][Sync] Stopped: Passwords
2025-10-27 08:55:11.435: [INFO][Sync] Stopped: Autofill Profiles
2025-10-27 08:55:11.435: [INFO][Sync] Stopped: Autofill
2025-10-27 08:55:11.435: [INFO][Sync] Stopped: Extensions
2025-10-27 08:55:11.435: [INFO][Sync] Stopped: Sessions
2025-10-27 08:55:11.435: [INFO][Sync] Stopped: Extension settings
2025-10-27 08:55:11.435: [INFO][Sync] Stopped: History Delete Directives
2025-10-27 08:55:11.435: [INFO][Sync] Stopped: Device Info
2025-10-27 08:55:11.435: [INFO][Sync] Stopped: User Consents
2025-10-27 08:55:11.435: [INFO][Sync] Stopped: Send Tab To Self
2025-10-27 08:55:11.435: [INFO][Sync] Stopped: Web Apps
2025-10-27 08:55:11.435: [INFO][Sync] Stopped: History
2025-10-27 08:55:11.435: [INFO][Sync] Stopped: Saved Tab Group
2025-10-27 08:55:11.435: [INFO][Sync] Stopped: WebAuthn Credentials
2025-10-27 08:55:11.435: [INFO][Sync] Stopped: Collection
2025-10-27 08:55:11.435: [INFO][Sync] Stopped: Edge E Drop
2025-10-27 08:55:11.435: [INFO][Sync] Stopped: Edge Hub App Usage
2025-10-27 08:55:11.435: [INFO][Sync] Stopped: Edge Wallet
2025-10-27 08:55:37.397: [INFO][Sync] Reset engine, reason: 0
2025-10-27 08:56:04.618: [INFO][Sync] Reset engine, reason: 8
2025-10-27 08:56:04.618: [INFO][Sync] Stopped: Bookmarks
2025-10-27 08:56:04.618: [INFO][Sync] Stopped: Preferences
2025-10-27 08:56:04.618: [INFO][Sync] Stopped: Passwords
2025-10-27 08:56:04.618: [INFO][Sync] Stopped: Autofill Profiles
2025-10-27 08:56:04.618: [INFO][Sync] Stopped: Autofill
2025-10-27 08:56:04.618: [INFO][Sync] Stopped: Extensions
2025-10-27 08:56:04.618: [INFO][Sync] Stopped: Sessions
2025-10-27 08:56:04.618: [INFO][Sync] Stopped: Extension settings
2025-10-27 08:56:04.618: [INFO][Sync] Stopped: History Delete Directives
2025-10-27 08:56:04.618: [INFO][Sync] Stopped: Device Info
2025-10-27 08:56:04.618: [INFO][Sync] Stopped: User Consents
2025-10-27 08:56:04.618: [INFO][Sync] Stopped: Send Tab To Self
2025-10-27 08:56:04.618: [INFO][Sync] Stopped: Web Apps
2025-10-27 08:56:04.618: [INFO][Sync] Stopped: History
2025-10-27 08:56:04.618: [INFO][Sync] Stopped: Saved Tab Group
2025-10-27 08:56:04.618: [INFO][Sync] Stopped: WebAuthn Credentials
2025-10-27 08:56:04.618: [INFO][Sync] Stopped: Collection
2025-10-27 08:56:04.618: [INFO][Sync] Stopped: Edge E Drop
2025-10-27 08:56:04.618: [INFO][Sync] Stopped: Edge Hub App Usage
2025-10-27 08:56:04.618: [INFO][Sync] Stopped: Edge Wallet
2025-10-27 08:56:04.619: [INFO][Sync] SyncState after authenticated was: NotSignedIn
2025-10-27 08:56:05.038: [INFO][Sync] Reset engine, reason: 8
2025-10-27 08:56:05.038: [INFO][Sync] Stopped: Bookmarks
2025-10-27 08:56:05.038: [INFO][Sync] Stopped: Preferences
2025-10-27 08:56:05.038: [INFO][Sync] Stopped: Passwords
2025-10-27 08:56:05.038: [INFO][Sync] Stopped: Autofill Profiles
2025-10-27 08:56:05.038: [INFO][Sync] Stopped: Autofill
2025-10-27 08:56:05.038: [INFO][Sync] Stopped: Extensions
2025-10-27 08:56:05.038: [INFO][Sync] Stopped: Sessions
2025-10-27 08:56:05.038: [INFO][Sync] Stopped: Extension settings
2025-10-27 08:56:05.038: [INFO][Sync] Stopped: History Delete Directives
2025-10-27 08:56:05.038: [INFO][Sync] Stopped: Device Info
2025-10-27 08:56:05.038: [INFO][Sync] Stopped: User Consents
2025-10-27 08:56:05.038: [INFO][Sync] Stopped: Send Tab To Self
2025-10-27 08:56:05.038: [INFO][Sync] Stopped: Web Apps
2025-10-27 08:56:05.038: [INFO][Sync] Stopped: History
2025-10-27 08:56:05.038: [INFO][Sync] Stopped: Saved Tab Group
2025-10-27 08:56:05.038: [INFO][Sync] Stopped: WebAuthn Credentials
2025-10-27 08:56:05.038: [INFO][Sync] Stopped: Collection
2025-10-27 08:56:05.038: [INFO][Sync] Stopped: Edge E Drop
2025-10-27 08:56:05.038: [INFO][Sync] Stopped: Edge Hub App Usage
2025-10-27 08:56:05.038: [INFO][Sync] Stopped: Edge Wallet
2025-10-27 08:56:44.668: [INFO][Sync] Reset engine, reason: 0
2025-10-27 08:57:43.622: [INFO][Sync] Reset engine, reason: 8
2025-10-27 08:57:43.623: [INFO][Sync] Stopped: Bookmarks
2025-10-27 08:57:43.623: [INFO][Sync] Stopped: Preferences
2025-10-27 08:57:43.623: [INFO][Sync] Stopped: Passwords
2025-10-27 08:57:43.623: [INFO][Sync] Stopped: Autofill Profiles
2025-10-27 08:57:43.623: [INFO][Sync] Stopped: Autofill
2025-10-27 08:57:43.623: [INFO][Sync] Stopped: Extensions
2025-10-27 08:57:43.623: [INFO][Sync] Stopped: Sessions
2025-10-27 08:57:43.623: [INFO][Sync] Stopped: Extension settings
2025-10-27 08:57:43.623: [INFO][Sync] Stopped: History Delete Directives
2025-10-27 08:57:43.623: [INFO][Sync] Stopped: Device Info
2025-10-27 08:57:43.623: [INFO][Sync] Stopped: User Consents
2025-10-27 08:57:43.623: [INFO][Sync] Stopped: Send Tab To Self
2025-10-27 08:57:43.623: [INFO][Sync] Stopped: Web Apps
2025-10-27 08:57:43.623: [INFO][Sync] Stopped: History
2025-10-27 08:57:43.623: [INFO][Sync] Stopped: Saved Tab Group
2025-10-27 08:57:43.623: [INFO][Sync] Stopped: WebAuthn Credentials
2025-10-27 08:57:43.623: [INFO][Sync] Stopped: Collection
2025-10-27 08:57:43.625: [INFO][Sync] Stopped: Edge E Drop
2025-10-27 08:57:43.625: [INFO][Sync] Stopped: Edge Hub App Usage
2025-10-27 08:57:43.625: [INFO][Sync] Stopped: Edge Wallet
2025-10-27 08:57:43.626: [INFO][Sync] SyncState after authenticated was: NotSignedIn
2025-10-27 08:57:44.149: [INFO][Sync] Reset engine, reason: 8
2025-10-27 08:57:44.149: [INFO][Sync] Stopped: Bookmarks
2025-10-27 08:57:44.149: [INFO][Sync] Stopped: Preferences
2025-10-27 08:57:44.149: [INFO][Sync] Stopped: Passwords
2025-10-27 08:57:44.149: [INFO][Sync] Stopped: Autofill Profiles
2025-10-27 08:57:44.149: [INFO][Sync] Stopped: Autofill
2025-10-27 08:57:44.149: [INFO][Sync] Stopped: Extensions
2025-10-27 08:57:44.149: [INFO][Sync] Stopped: Sessions
2025-10-27 08:57:44.149: [INFO][Sync] Stopped: Extension settings
2025-10-27 08:57:44.149: [INFO][Sync] Stopped: History Delete Directives
2025-10-27 08:57:44.149: [INFO][Sync] Stopped: Device Info
2025-10-27 08:57:44.149: [INFO][Sync] Stopped: User Consents
2025-10-27 08:57:44.149: [INFO][Sync] Stopped: Send Tab To Self
2025-10-27 08:57:44.149: [INFO][Sync] Stopped: Web Apps
2025-10-27 08:57:44.149: [INFO][Sync] Stopped: History
2025-10-27 08:57:44.149: [INFO][Sync] Stopped: Saved Tab Group
2025-10-27 08:57:44.149: [INFO][Sync] Stopped: WebAuthn Credentials
2025-10-27 08:57:44.149: [INFO][Sync] Stopped: Collection
2025-10-27 08:57:44.149: [INFO][Sync] Stopped: Edge E Drop
2025-10-27 08:57:44.149: [INFO][Sync] Stopped: Edge Hub App Usage
2025-10-27 08:57:44.149: [INFO][Sync] Stopped: Edge Wallet
2025-10-27 08:58:06.257: [INFO][Sync] Reset engine, reason: 0
2025-10-27 09:00:14.902: [INFO][Sync] Reset engine, reason: 8
2025-10-27 09:00:14.902: [INFO][Sync] Stopped: Bookmarks
2025-10-27 09:00:14.902: [INFO][Sync] Stopped: Preferences
2025-10-27 09:00:14.902: [INFO][Sync] Stopped: Passwords
2025-10-27 09:00:14.902: [INFO][Sync] Stopped: Autofill Profiles
2025-10-27 09:00:14.902: [INFO][Sync] Stopped: Autofill
2025-10-27 09:00:14.902: [INFO][Sync] Stopped: Extensions
2025-10-27 09:00:14.902: [INFO][Sync] Stopped: Sessions
2025-10-27 09:00:14.902: [INFO][Sync] Stopped: Extension settings
2025-10-27 09:00:14.903: [INFO][Sync] Stopped: History Delete Directives
2025-10-27 09:00:14.903: [INFO][Sync] Stopped: Device Info
2025-10-27 09:00:14.903: [INFO][Sync] Stopped: User Consents
2025-10-27 09:00:14.903: [INFO][Sync] Stopped: Send Tab To Self
2025-10-27 09:00:14.903: [INFO][Sync] Stopped: Web Apps
2025-10-27 09:00:14.903: [INFO][Sync] Stopped: History
2025-10-27 09:00:14.903: [INFO][Sync] Stopped: Saved Tab Group
2025-10-27 09:00:14.903: [INFO][Sync] Stopped: WebAuthn Credentials
2025-10-27 09:00:14.903: [INFO][Sync] Stopped: Collection
2025-10-27 09:00:14.903: [INFO][Sync] Stopped: Edge E Drop
2025-10-27 09:00:14.903: [INFO][Sync] Stopped: Edge Hub App Usage
2025-10-27 09:00:14.903: [INFO][Sync] Stopped: Edge Wallet
2025-10-27 09:00:14.903: [INFO][Sync] SyncState after authenticated was: NotSignedIn
2025-10-27 09:00:15.563: [INFO][Sync] Reset engine, reason: 8
2025-10-27 09:00:15.563: [INFO][Sync] Stopped: Bookmarks
2025-10-27 09:00:15.563: [INFO][Sync] Stopped: Preferences
2025-10-27 09:00:15.563: [INFO][Sync] Stopped: Passwords
2025-10-27 09:00:15.563: [INFO][Sync] Stopped: Autofill Profiles
2025-10-27 09:00:15.563: [INFO][Sync] Stopped: Autofill
2025-10-27 09:00:15.563: [INFO][Sync] Stopped: Extensions
2025-10-27 09:00:15.563: [INFO][Sync] Stopped: Sessions
2025-10-27 09:00:15.563: [INFO][Sync] Stopped: Extension settings
2025-10-27 09:00:15.563: [INFO][Sync] Stopped: History Delete Directives
2025-10-27 09:00:15.563: [INFO][Sync] Stopped: Device Info
2025-10-27 09:00:15.563: [INFO][Sync] Stopped: User Consents
2025-10-27 09:00:15.563: [INFO][Sync] Stopped: Send Tab To Self
2025-10-27 09:00:15.563: [INFO][Sync] Stopped: Web Apps
2025-10-27 09:00:15.563: [INFO][Sync] Stopped: History
2025-10-27 09:00:15.563: [INFO][Sync] Stopped: Saved Tab Group
2025-10-27 09:00:15.563: [INFO][Sync] Stopped: WebAuthn Credentials
2025-10-27 09:00:15.563: [INFO][Sync] Stopped: Collection
2025-10-27 09:00:15.563: [INFO][Sync] Stopped: Edge E Drop
2025-10-27 09:00:15.563: [INFO][Sync] Stopped: Edge Hub App Usage
2025-10-27 09:00:15.563: [INFO][Sync] Stopped: Edge Wallet
2025-10-27 09:00:56.231: [INFO][Sync] Reset engine, reason: 0
