2026-01-10 11:52:40.030: [INFO][Sync] Reset engine, reason: 8
2026-01-10 11:52:40.030: [INFO][Sync] Stopped: Bookmarks
2026-01-10 11:52:40.030: [INFO][Sync] Stopped: Preferences
2026-01-10 11:52:40.030: [INFO][Sync] Stopped: Passwords
2026-01-10 11:52:40.030: [INFO][Sync] Stopped: Autofill Profiles
2026-01-10 11:52:40.030: [INFO][Sync] Stopped: Autofill
2026-01-10 11:52:40.030: [INFO][Sync] Stopped: Extensions
2026-01-10 11:52:40.030: [INFO][Sync] Stopped: Sessions
2026-01-10 11:52:40.030: [INFO][Sync] Stopped: Extension settings
2026-01-10 11:52:40.030: [INFO][Sync] Stopped: History Delete Directives
2026-01-10 11:52:40.030: [INFO][Sync] Stopped: Device Info
2026-01-10 11:52:40.030: [INFO][Sync] Stopped: User Consents
2026-01-10 11:52:40.030: [INFO][Sync] Stopped: Send Tab To Self
2026-01-10 11:52:40.030: [INFO][Sync] Stopped: Web Apps
2026-01-10 11:52:40.030: [INFO][Sync] Stopped: History
2026-01-10 11:52:40.030: [INFO][Sync] Stopped: Saved Tab Group
2026-01-10 11:52:40.030: [INFO][Sync] Stopped: WebAuthn Credentials
2026-01-10 11:52:40.030: [INFO][Sync] Stopped: Collection
2026-01-10 11:52:40.030: [INFO][Sync] Stopped: Edge E Drop
2026-01-10 11:52:40.030: [INFO][Sync] Stopped: Edge Hub App Usage
2026-01-10 11:52:40.030: [INFO][Sync] Stopped: Edge Wallet
2026-01-10 11:52:40.030: [INFO][Sync] SyncState after authenticated was: NotSignedIn
2026-01-10 11:52:40.475: [INFO][Sync] Reset engine, reason: 8
2026-01-10 11:52:40.475: [INFO][Sync] Stopped: Bookmarks
2026-01-10 11:52:40.475: [INFO][Sync] Stopped: Preferences
2026-01-10 11:52:40.475: [INFO][Sync] Stopped: Passwords
2026-01-10 11:52:40.475: [INFO][Sync] Stopped: Autofill Profiles
2026-01-10 11:52:40.475: [INFO][Sync] Stopped: Autofill
2026-01-10 11:52:40.475: [INFO][Sync] Stopped: Extensions
2026-01-10 11:52:40.475: [INFO][Sync] Stopped: Sessions
2026-01-10 11:52:40.475: [INFO][Sync] Stopped: Extension settings
2026-01-10 11:52:40.475: [INFO][Sync] Stopped: History Delete Directives
2026-01-10 11:52:40.475: [INFO][Sync] Stopped: Device Info
2026-01-10 11:52:40.475: [INFO][Sync] Stopped: User Consents
2026-01-10 11:52:40.475: [INFO][Sync] Stopped: Send Tab To Self
2026-01-10 11:52:40.475: [INFO][Sync] Stopped: Web Apps
2026-01-10 11:52:40.475: [INFO][Sync] Stopped: History
2026-01-10 11:52:40.475: [INFO][Sync] Stopped: Saved Tab Group
2026-01-10 11:52:40.475: [INFO][Sync] Stopped: WebAuthn Credentials
2026-01-10 11:52:40.475: [INFO][Sync] Stopped: Collection
2026-01-10 11:52:40.475: [INFO][Sync] Stopped: Edge E Drop
2026-01-10 11:52:40.475: [INFO][Sync] Stopped: Edge Hub App Usage
2026-01-10 11:52:40.475: [INFO][Sync] Stopped: Edge Wallet
2026-01-10 11:54:29.194: [INFO][Sync] Reset engine, reason: 0
2026-01-10 11:54:44.917: [INFO][Sync] Reset engine, reason: 8
2026-01-10 11:54:44.917: [INFO][Sync] Stopped: Bookmarks
2026-01-10 11:54:44.917: [INFO][Sync] Stopped: Preferences
2026-01-10 11:54:44.917: [INFO][Sync] Stopped: Passwords
2026-01-10 11:54:44.917: [INFO][Sync] Stopped: Autofill Profiles
2026-01-10 11:54:44.917: [INFO][Sync] Stopped: Autofill
2026-01-10 11:54:44.917: [INFO][Sync] Stopped: Extensions
2026-01-10 11:54:44.917: [INFO][Sync] Stopped: Sessions
2026-01-10 11:54:44.917: [INFO][Sync] Stopped: Extension settings
2026-01-10 11:54:44.917: [INFO][Sync] Stopped: History Delete Directives
2026-01-10 11:54:44.917: [INFO][Sync] Stopped: Device Info
2026-01-10 11:54:44.917: [INFO][Sync] Stopped: User Consents
2026-01-10 11:54:44.917: [INFO][Sync] Stopped: Send Tab To Self
2026-01-10 11:54:44.917: [INFO][Sync] Stopped: Web Apps
2026-01-10 11:54:44.917: [INFO][Sync] Stopped: History
2026-01-10 11:54:44.917: [INFO][Sync] Stopped: Saved Tab Group
2026-01-10 11:54:44.917: [INFO][Sync] Stopped: WebAuthn Credentials
2026-01-10 11:54:44.917: [INFO][Sync] Stopped: Collection
2026-01-10 11:54:44.917: [INFO][Sync] Stopped: Edge E Drop
2026-01-10 11:54:44.917: [INFO][Sync] Stopped: Edge Hub App Usage
2026-01-10 11:54:44.917: [INFO][Sync] Stopped: Edge Wallet
2026-01-10 11:54:44.917: [INFO][Sync] SyncState after authenticated was: NotSignedIn
2026-01-10 11:54:45.342: [INFO][Sync] Reset engine, reason: 8
2026-01-10 11:54:45.342: [INFO][Sync] Stopped: Bookmarks
2026-01-10 11:54:45.342: [INFO][Sync] Stopped: Preferences
2026-01-10 11:54:45.342: [INFO][Sync] Stopped: Passwords
2026-01-10 11:54:45.342: [INFO][Sync] Stopped: Autofill Profiles
2026-01-10 11:54:45.342: [INFO][Sync] Stopped: Autofill
2026-01-10 11:54:45.342: [INFO][Sync] Stopped: Extensions
2026-01-10 11:54:45.342: [INFO][Sync] Stopped: Sessions
2026-01-10 11:54:45.342: [INFO][Sync] Stopped: Extension settings
2026-01-10 11:54:45.342: [INFO][Sync] Stopped: History Delete Directives
2026-01-10 11:54:45.342: [INFO][Sync] Stopped: Device Info
2026-01-10 11:54:45.342: [INFO][Sync] Stopped: User Consents
2026-01-10 11:54:45.342: [INFO][Sync] Stopped: Send Tab To Self
2026-01-10 11:54:45.342: [INFO][Sync] Stopped: Web Apps
2026-01-10 11:54:45.342: [INFO][Sync] Stopped: History
2026-01-10 11:54:45.342: [INFO][Sync] Stopped: Saved Tab Group
2026-01-10 11:54:45.342: [INFO][Sync] Stopped: WebAuthn Credentials
2026-01-10 11:54:45.342: [INFO][Sync] Stopped: Collection
2026-01-10 11:54:45.342: [INFO][Sync] Stopped: Edge E Drop
2026-01-10 11:54:45.342: [INFO][Sync] Stopped: Edge Hub App Usage
2026-01-10 11:54:45.342: [INFO][Sync] Stopped: Edge Wallet
2026-01-10 12:01:07.779: [INFO][Sync] Reset engine, reason: 0
2026-01-10 12:08:43.848: [INFO][Sync] Reset engine, reason: 8
2026-01-10 12:08:43.848: [INFO][Sync] Stopped: Bookmarks
2026-01-10 12:08:43.848: [INFO][Sync] Stopped: Preferences
2026-01-10 12:08:43.848: [INFO][Sync] Stopped: Passwords
2026-01-10 12:08:43.848: [INFO][Sync] Stopped: Autofill Profiles
2026-01-10 12:08:43.848: [INFO][Sync] Stopped: Autofill
2026-01-10 12:08:43.848: [INFO][Sync] Stopped: Extensions
2026-01-10 12:08:43.848: [INFO][Sync] Stopped: Sessions
2026-01-10 12:08:43.848: [INFO][Sync] Stopped: Extension settings
2026-01-10 12:08:43.848: [INFO][Sync] Stopped: History Delete Directives
2026-01-10 12:08:43.848: [INFO][Sync] Stopped: Device Info
2026-01-10 12:08:43.848: [INFO][Sync] Stopped: User Consents
2026-01-10 12:08:43.848: [INFO][Sync] Stopped: Send Tab To Self
2026-01-10 12:08:43.848: [INFO][Sync] Stopped: Web Apps
2026-01-10 12:08:43.848: [INFO][Sync] Stopped: History
2026-01-10 12:08:43.848: [INFO][Sync] Stopped: Saved Tab Group
2026-01-10 12:08:43.848: [INFO][Sync] Stopped: WebAuthn Credentials
2026-01-10 12:08:43.848: [INFO][Sync] Stopped: Collection
2026-01-10 12:08:43.848: [INFO][Sync] Stopped: Edge E Drop
2026-01-10 12:08:43.848: [INFO][Sync] Stopped: Edge Hub App Usage
2026-01-10 12:08:43.848: [INFO][Sync] Stopped: Edge Wallet
2026-01-10 12:08:43.848: [INFO][Sync] SyncState after authenticated was: NotSignedIn
2026-01-10 12:08:44.199: [INFO][Sync] Reset engine, reason: 8
2026-01-10 12:08:44.199: [INFO][Sync] Stopped: Bookmarks
2026-01-10 12:08:44.199: [INFO][Sync] Stopped: Preferences
2026-01-10 12:08:44.199: [INFO][Sync] Stopped: Passwords
2026-01-10 12:08:44.199: [INFO][Sync] Stopped: Autofill Profiles
2026-01-10 12:08:44.199: [INFO][Sync] Stopped: Autofill
2026-01-10 12:08:44.199: [INFO][Sync] Stopped: Extensions
2026-01-10 12:08:44.199: [INFO][Sync] Stopped: Sessions
2026-01-10 12:08:44.199: [INFO][Sync] Stopped: Extension settings
2026-01-10 12:08:44.199: [INFO][Sync] Stopped: History Delete Directives
2026-01-10 12:08:44.199: [INFO][Sync] Stopped: Device Info
2026-01-10 12:08:44.199: [INFO][Sync] Stopped: User Consents
2026-01-10 12:08:44.199: [INFO][Sync] Stopped: Send Tab To Self
2026-01-10 12:08:44.199: [INFO][Sync] Stopped: Web Apps
2026-01-10 12:08:44.199: [INFO][Sync] Stopped: History
2026-01-10 12:08:44.199: [INFO][Sync] Stopped: Saved Tab Group
2026-01-10 12:08:44.199: [INFO][Sync] Stopped: WebAuthn Credentials
2026-01-10 12:08:44.199: [INFO][Sync] Stopped: Collection
2026-01-10 12:08:44.199: [INFO][Sync] Stopped: Edge E Drop
2026-01-10 12:08:44.199: [INFO][Sync] Stopped: Edge Hub App Usage
2026-01-10 12:08:44.199: [INFO][Sync] Stopped: Edge Wallet
2026-01-10 12:14:55.072: [INFO][Sync] Reset engine, reason: 0
