2025-11-05 16:35:39.278: [INFO][Sync] Reset engine, reason: 8
2025-11-05 16:35:39.278: [INFO][Sync] Stopped: Bookmarks
2025-11-05 16:35:39.278: [INFO][Sync] Stopped: Preferences
2025-11-05 16:35:39.278: [INFO][Sync] Stopped: Passwords
2025-11-05 16:35:39.278: [INFO][Sync] Stopped: Autofill Profiles
2025-11-05 16:35:39.278: [INFO][Sync] Stopped: Autofill
2025-11-05 16:35:39.278: [INFO][Sync] Stopped: Extensions
2025-11-05 16:35:39.278: [INFO][Sync] Stopped: Sessions
2025-11-05 16:35:39.278: [INFO][Sync] Stopped: Extension settings
2025-11-05 16:35:39.278: [INFO][Sync] Stopped: History Delete Directives
2025-11-05 16:35:39.278: [INFO][Sync] Stopped: Device Info
2025-11-05 16:35:39.278: [INFO][Sync] Stopped: User Consents
2025-11-05 16:35:39.278: [INFO][Sync] Stopped: Send Tab To Self
2025-11-05 16:35:39.278: [INFO][Sync] Stopped: Web Apps
2025-11-05 16:35:39.278: [INFO][Sync] Stopped: History
2025-11-05 16:35:39.278: [INFO][Sync] Stopped: Saved Tab Group
2025-11-05 16:35:39.278: [INFO][Sync] Stopped: WebAuthn Credentials
2025-11-05 16:35:39.278: [INFO][Sync] Stopped: Collection
2025-11-05 16:35:39.278: [INFO][Sync] Stopped: Edge E Drop
2025-11-05 16:35:39.278: [INFO][Sync] Stopped: Edge Hub App Usage
2025-11-05 16:35:39.278: [INFO][Sync] Stopped: Edge Wallet
2025-11-05 16:35:39.278: [INFO][Sync] SyncState after authenticated was: NotSignedIn
2025-11-05 16:35:39.661: [INFO][Sync] Reset engine, reason: 8
2025-11-05 16:35:39.661: [INFO][Sync] Stopped: Bookmarks
2025-11-05 16:35:39.661: [INFO][Sync] Stopped: Preferences
2025-11-05 16:35:39.661: [INFO][Sync] Stopped: Passwords
2025-11-05 16:35:39.661: [INFO][Sync] Stopped: Autofill Profiles
2025-11-05 16:35:39.661: [INFO][Sync] Stopped: Autofill
2025-11-05 16:35:39.661: [INFO][Sync] Stopped: Extensions
2025-11-05 16:35:39.661: [INFO][Sync] Stopped: Sessions
2025-11-05 16:35:39.661: [INFO][Sync] Stopped: Extension settings
2025-11-05 16:35:39.661: [INFO][Sync] Stopped: History Delete Directives
2025-11-05 16:35:39.661: [INFO][Sync] Stopped: Device Info
2025-11-05 16:35:39.661: [INFO][Sync] Stopped: User Consents
2025-11-05 16:35:39.661: [INFO][Sync] Stopped: Send Tab To Self
2025-11-05 16:35:39.661: [INFO][Sync] Stopped: Web Apps
2025-11-05 16:35:39.661: [INFO][Sync] Stopped: History
2025-11-05 16:35:39.661: [INFO][Sync] Stopped: Saved Tab Group
2025-11-05 16:35:39.661: [INFO][Sync] Stopped: WebAuthn Credentials
2025-11-05 16:35:39.661: [INFO][Sync] Stopped: Collection
2025-11-05 16:35:39.661: [INFO][Sync] Stopped: Edge E Drop
2025-11-05 16:35:39.661: [INFO][Sync] Stopped: Edge Hub App Usage
2025-11-05 16:35:39.661: [INFO][Sync] Stopped: Edge Wallet
2025-11-05 16:36:28.871: [INFO][Sync] Reset engine, reason: 0
2025-11-05 16:36:38.995: [INFO][Sync] Reset engine, reason: 8
2025-11-05 16:36:38.995: [INFO][Sync] Stopped: Bookmarks
2025-11-05 16:36:38.995: [INFO][Sync] Stopped: Preferences
2025-11-05 16:36:38.995: [INFO][Sync] Stopped: Passwords
2025-11-05 16:36:38.995: [INFO][Sync] Stopped: Autofill Profiles
2025-11-05 16:36:38.995: [INFO][Sync] Stopped: Autofill
2025-11-05 16:36:38.995: [INFO][Sync] Stopped: Extensions
2025-11-05 16:36:38.995: [INFO][Sync] Stopped: Sessions
2025-11-05 16:36:38.995: [INFO][Sync] Stopped: Extension settings
2025-11-05 16:36:38.995: [INFO][Sync] Stopped: History Delete Directives
2025-11-05 16:36:38.995: [INFO][Sync] Stopped: Device Info
2025-11-05 16:36:38.995: [INFO][Sync] Stopped: User Consents
2025-11-05 16:36:38.995: [INFO][Sync] Stopped: Send Tab To Self
2025-11-05 16:36:38.995: [INFO][Sync] Stopped: Web Apps
2025-11-05 16:36:38.995: [INFO][Sync] Stopped: History
2025-11-05 16:36:38.995: [INFO][Sync] Stopped: Saved Tab Group
2025-11-05 16:36:38.995: [INFO][Sync] Stopped: WebAuthn Credentials
2025-11-05 16:36:38.995: [INFO][Sync] Stopped: Collection
2025-11-05 16:36:38.995: [INFO][Sync] Stopped: Edge E Drop
2025-11-05 16:36:38.995: [INFO][Sync] Stopped: Edge Hub App Usage
2025-11-05 16:36:38.995: [INFO][Sync] Stopped: Edge Wallet
2025-11-05 16:36:38.995: [INFO][Sync] SyncState after authenticated was: NotSignedIn
2025-11-05 16:36:39.407: [INFO][Sync] Reset engine, reason: 8
2025-11-05 16:36:39.407: [INFO][Sync] Stopped: Bookmarks
2025-11-05 16:36:39.407: [INFO][Sync] Stopped: Preferences
2025-11-05 16:36:39.407: [INFO][Sync] Stopped: Passwords
2025-11-05 16:36:39.407: [INFO][Sync] Stopped: Autofill Profiles
2025-11-05 16:36:39.407: [INFO][Sync] Stopped: Autofill
2025-11-05 16:36:39.407: [INFO][Sync] Stopped: Extensions
2025-11-05 16:36:39.407: [INFO][Sync] Stopped: Sessions
2025-11-05 16:36:39.407: [INFO][Sync] Stopped: Extension settings
2025-11-05 16:36:39.407: [INFO][Sync] Stopped: History Delete Directives
2025-11-05 16:36:39.407: [INFO][Sync] Stopped: Device Info
2025-11-05 16:36:39.407: [INFO][Sync] Stopped: User Consents
2025-11-05 16:36:39.407: [INFO][Sync] Stopped: Send Tab To Self
2025-11-05 16:36:39.407: [INFO][Sync] Stopped: Web Apps
2025-11-05 16:36:39.407: [INFO][Sync] Stopped: History
2025-11-05 16:36:39.407: [INFO][Sync] Stopped: Saved Tab Group
2025-11-05 16:36:39.407: [INFO][Sync] Stopped: WebAuthn Credentials
2025-11-05 16:36:39.407: [INFO][Sync] Stopped: Collection
2025-11-05 16:36:39.407: [INFO][Sync] Stopped: Edge E Drop
2025-11-05 16:36:39.407: [INFO][Sync] Stopped: Edge Hub App Usage
2025-11-05 16:36:39.407: [INFO][Sync] Stopped: Edge Wallet
2025-11-05 16:37:08.557: [INFO][Sync] Reset engine, reason: 0
2025-11-05 16:42:53.336: [INFO][Sync] Reset engine, reason: 8
2025-11-05 16:42:53.336: [INFO][Sync] Stopped: Bookmarks
2025-11-05 16:42:53.336: [INFO][Sync] Stopped: Preferences
2025-11-05 16:42:53.336: [INFO][Sync] Stopped: Passwords
2025-11-05 16:42:53.336: [INFO][Sync] Stopped: Autofill Profiles
2025-11-05 16:42:53.336: [INFO][Sync] Stopped: Autofill
2025-11-05 16:42:53.336: [INFO][Sync] Stopped: Extensions
2025-11-05 16:42:53.336: [INFO][Sync] Stopped: Sessions
2025-11-05 16:42:53.336: [INFO][Sync] Stopped: Extension settings
2025-11-05 16:42:53.336: [INFO][Sync] Stopped: History Delete Directives
2025-11-05 16:42:53.336: [INFO][Sync] Stopped: Device Info
2025-11-05 16:42:53.336: [INFO][Sync] Stopped: User Consents
2025-11-05 16:42:53.336: [INFO][Sync] Stopped: Send Tab To Self
2025-11-05 16:42:53.336: [INFO][Sync] Stopped: Web Apps
2025-11-05 16:42:53.336: [INFO][Sync] Stopped: History
2025-11-05 16:42:53.336: [INFO][Sync] Stopped: Saved Tab Group
2025-11-05 16:42:53.336: [INFO][Sync] Stopped: WebAuthn Credentials
2025-11-05 16:42:53.336: [INFO][Sync] Stopped: Collection
2025-11-05 16:42:53.336: [INFO][Sync] Stopped: Edge E Drop
2025-11-05 16:42:53.336: [INFO][Sync] Stopped: Edge Hub App Usage
2025-11-05 16:42:53.336: [INFO][Sync] Stopped: Edge Wallet
2025-11-05 16:42:53.336: [INFO][Sync] SyncState after authenticated was: NotSignedIn
2025-11-05 16:42:53.729: [INFO][Sync] Reset engine, reason: 8
2025-11-05 16:42:53.729: [INFO][Sync] Stopped: Bookmarks
2025-11-05 16:42:53.729: [INFO][Sync] Stopped: Preferences
2025-11-05 16:42:53.730: [INFO][Sync] Stopped: Passwords
2025-11-05 16:42:53.730: [INFO][Sync] Stopped: Autofill Profiles
2025-11-05 16:42:53.730: [INFO][Sync] Stopped: Autofill
2025-11-05 16:42:53.730: [INFO][Sync] Stopped: Extensions
2025-11-05 16:42:53.730: [INFO][Sync] Stopped: Sessions
2025-11-05 16:42:53.730: [INFO][Sync] Stopped: Extension settings
2025-11-05 16:42:53.730: [INFO][Sync] Stopped: History Delete Directives
2025-11-05 16:42:53.730: [INFO][Sync] Stopped: Device Info
2025-11-05 16:42:53.730: [INFO][Sync] Stopped: User Consents
2025-11-05 16:42:53.730: [INFO][Sync] Stopped: Send Tab To Self
2025-11-05 16:42:53.730: [INFO][Sync] Stopped: Web Apps
2025-11-05 16:42:53.730: [INFO][Sync] Stopped: History
2025-11-05 16:42:53.730: [INFO][Sync] Stopped: Saved Tab Group
2025-11-05 16:42:53.730: [INFO][Sync] Stopped: WebAuthn Credentials
2025-11-05 16:42:53.730: [INFO][Sync] Stopped: Collection
2025-11-05 16:42:53.730: [INFO][Sync] Stopped: Edge E Drop
2025-11-05 16:42:53.730: [INFO][Sync] Stopped: Edge Hub App Usage
2025-11-05 16:42:53.730: [INFO][Sync] Stopped: Edge Wallet
2025-11-05 16:43:31.558: [INFO][Sync] Reset engine, reason: 0
2025-11-05 16:43:39.976: [INFO][Sync] Reset engine, reason: 8
2025-11-05 16:43:39.976: [INFO][Sync] Stopped: Bookmarks
2025-11-05 16:43:39.976: [INFO][Sync] Stopped: Preferences
2025-11-05 16:43:39.976: [INFO][Sync] Stopped: Passwords
2025-11-05 16:43:39.976: [INFO][Sync] Stopped: Autofill Profiles
2025-11-05 16:43:39.976: [INFO][Sync] Stopped: Autofill
2025-11-05 16:43:39.976: [INFO][Sync] Stopped: Extensions
2025-11-05 16:43:39.977: [INFO][Sync] Stopped: Sessions
2025-11-05 16:43:39.977: [INFO][Sync] Stopped: Extension settings
2025-11-05 16:43:39.977: [INFO][Sync] Stopped: History Delete Directives
2025-11-05 16:43:39.977: [INFO][Sync] Stopped: Device Info
2025-11-05 16:43:39.977: [INFO][Sync] Stopped: User Consents
2025-11-05 16:43:39.977: [INFO][Sync] Stopped: Send Tab To Self
2025-11-05 16:43:39.977: [INFO][Sync] Stopped: Web Apps
2025-11-05 16:43:39.977: [INFO][Sync] Stopped: History
2025-11-05 16:43:39.977: [INFO][Sync] Stopped: Saved Tab Group
2025-11-05 16:43:39.977: [INFO][Sync] Stopped: WebAuthn Credentials
2025-11-05 16:43:39.977: [INFO][Sync] Stopped: Collection
2025-11-05 16:43:39.977: [INFO][Sync] Stopped: Edge E Drop
2025-11-05 16:43:39.977: [INFO][Sync] Stopped: Edge Hub App Usage
2025-11-05 16:43:39.977: [INFO][Sync] Stopped: Edge Wallet
2025-11-05 16:43:39.977: [INFO][Sync] SyncState after authenticated was: NotSignedIn
2025-11-05 16:43:40.330: [INFO][Sync] Reset engine, reason: 8
2025-11-05 16:43:40.330: [INFO][Sync] Stopped: Bookmarks
2025-11-05 16:43:40.330: [INFO][Sync] Stopped: Preferences
2025-11-05 16:43:40.331: [INFO][Sync] Stopped: Passwords
2025-11-05 16:43:40.331: [INFO][Sync] Stopped: Autofill Profiles
2025-11-05 16:43:40.331: [INFO][Sync] Stopped: Autofill
2025-11-05 16:43:40.331: [INFO][Sync] Stopped: Extensions
2025-11-05 16:43:40.331: [INFO][Sync] Stopped: Sessions
2025-11-05 16:43:40.331: [INFO][Sync] Stopped: Extension settings
2025-11-05 16:43:40.331: [INFO][Sync] Stopped: History Delete Directives
2025-11-05 16:43:40.331: [INFO][Sync] Stopped: Device Info
2025-11-05 16:43:40.331: [INFO][Sync] Stopped: User Consents
2025-11-05 16:43:40.331: [INFO][Sync] Stopped: Send Tab To Self
2025-11-05 16:43:40.331: [INFO][Sync] Stopped: Web Apps
2025-11-05 16:43:40.331: [INFO][Sync] Stopped: History
2025-11-05 16:43:40.331: [INFO][Sync] Stopped: Saved Tab Group
2025-11-05 16:43:40.331: [INFO][Sync] Stopped: WebAuthn Credentials
2025-11-05 16:43:40.331: [INFO][Sync] Stopped: Collection
2025-11-05 16:43:40.331: [INFO][Sync] Stopped: Edge E Drop
2025-11-05 16:43:40.331: [INFO][Sync] Stopped: Edge Hub App Usage
2025-11-05 16:43:40.331: [INFO][Sync] Stopped: Edge Wallet
2025-11-05 16:44:26.683: [INFO][Sync] Reset engine, reason: 0
